C:\Program Files\Microsoft Visual Studio\2022\Community\MSBuild\Microsoft\VC\v170\Microsoft.CppBuild.targets(531,5): warning MSB8028: The intermediate directory (Debug\) contains files shared from another project (05-SceneManager.vcxproj).  This can lead to incorrect clean and rebuild behavior.
  Animation.cpp
  Animations.cpp
  BlackBackground.cpp
  Brick.cpp
  Bush.cpp
  Cloud.cpp
  Coin.cpp
  CoinFromBox.cpp
  Collision.cpp
  debug.cpp
  Game.cpp
  GameObject.cpp
  Goomba.cpp
  Ground.cpp
  main.cpp
  Mario.cpp
  MushRoom.cpp
  MysteryBox.cpp
  PipeAbove.cpp
  PipeBelow.cpp
  Generating Code...
  Compiling...
  Platform.cpp
  PlayScene.cpp
F:\hoc\game\New folder\clone\test\05-SceneManager\PlayScene.cpp(82,20): warning C4018: '<': signed/unsigned mismatch
F:\hoc\game\New folder\clone\test\05-SceneManager\PlayScene.cpp(323,20): warning C4018: '<': signed/unsigned mismatch
F:\hoc\game\New folder\clone\test\05-SceneManager\PlayScene.cpp(348,20): warning C4018: '<': signed/unsigned mismatch
  Portal.cpp
  Prize.cpp
  SampleKeyEventHandler.cpp
  Sprite.cpp
  Sprites.cpp
  Stair0.cpp
  Stair1.cpp
  Stair2.cpp
  Stair3.cpp
  Stair4.cpp
  Stair5.cpp
  Stair6.cpp
  Stair7.cpp
  Stair8.cpp
  Stair9.cpp
  Textures.cpp
  Tree1.cpp
  Tree2.cpp
  Generating Code...
  Compiling...
  Tree3.cpp
  Tree4.cpp
  Utils.cpp
  WarpPipe.cpp
  Wood.cpp
  Generating Code...
  05-SceneManager.vcxproj -> F:\hoc\game\New folder\clone\test\Debug\Project1.exe
